Arguments: 
  /usr/local/node-v17.9.0-linux-x64/bin/node /usr/local/node-v17.9.0-linux-x64/bin/yarn test

PATH: 
  /usr/local/node-v17.9.0-linux-x64/bin:/usr/local/ghc-9.2.2/bin:/usr/local/node-v17.9.0-linux-x64/bin:/usr/local/ghc-9.2.2/bin:/usr/local/sbin:/usr/local/bin:/usr/sbin:/usr/bin:/sbin:/bin:/usr/games:/usr/local/games:/snap/bin

Yarn version: 
  1.22.18

Node version: 
  17.9.0

Platform: 
  linux x64

Trace: 
  SyntaxError: /home/trivo/Development/mina-zk-rollup/package.json: Unexpected token } in JSON at position 1429
      at JSON.parse (<anonymous>)
      at /usr/local/node-v17.9.0-linux-x64/lib/node_modules/yarn/lib/cli.js:1625:59
      at Generator.next (<anonymous>)
      at step (/usr/local/node-v17.9.0-linux-x64/lib/node_modules/yarn/lib/cli.js:310:30)
      at /usr/local/node-v17.9.0-linux-x64/lib/node_modules/yarn/lib/cli.js:321:13

npm manifest: 
  {
    "name": "test",
    "version": "0.1.5",
    "description": "",
    "author": "",
    "license": "Apache-2.0",
    "keywords": [
      "mina-zkapp",
      "mina-zk-app",
      "mina-dapp",
      "zkapp"
    ],
    "type": "module",
    "main": "build/src/index.js",
    "types": "build/src/index.d.ts",
    "scripts": {
      "demo": "npx tsc -p tsconfig.json && node --experimental-specifier-resolution=node ./build/src/demo.js",
      "demo:operator": "npx tsc -p tsconfig.json && node --experimental-specifier-resolution=node ./build/src/rollup_operator/index.js",
      "demo:client": "npx tsc -p tsconfig.json && node --experimental-specifier-resolution=node ./build/src/client_sdk/index.js",
      "demo:ipfs": "npx tsc -p tsconfig.json && node --experimental-specifier-resolution=node ./build/src/rollup_operator/ipfs_demo.js",
      "build": "tsc -p tsconfig.json",
      "coverage": "node --experimental-vm-modules --experimental-wasm-modules --experimental-wasm-threads --no-warnings node_modules/jest/bin/jest.js --coverage",
      "format": "prettier --write --ignore-unknown **/*",
      "prepare": "husky install",
      "test": "node --experimental-vm-modules --experimental-wasm-modules --experimental-wasm-threads --no-warnings node_modules/jest/bin/jest.js",
      "testw": "node --experimental-vm-modules --experimental-wasm-modules --experimental-wasm-threads --no-warnings node_modules/jest/bin/jest.js --watch",
      "lint": "npx eslint src/* --fix",
    },
    "lint-staged": {
      "**/*": [
        "eslint src/* --fix",
        "prettier --write --ignore-unknown"
      ]
    },
    "dependencies": {
      "base-x": "^4.0.0",
      "body-parser": "^1.20.0",
      "buffer": "^6.0.3",
      "cors": "^2.8.5",
      "crypto": "^1.0.1",
      "dotenv": "^16.0.0",
      "express": "^4.17.3",
      "mina-signer": "^1.1.0",
      "pg": "^8.7.3",
      "snarkyjs": "^0.2.0"
    },
    "devDependencies": {
      "@babel/preset-env": "^7.16.4",
      "@babel/preset-typescript": "^7.16.0",
      "@types/jest": "^27.0.3",
      "@typescript-eslint/eslint-plugin": "^5.5.0",
      "@typescript-eslint/parser": "^5.5.0",
      "eslint": "^8.7.0",
      "eslint-plugin-snarkyjs": "^0.1.0",
      "husky": "^7.0.1",
      "jest": "^27.3.1",
      "lint-staged": "^11.0.1",
      "prettier": "^2.3.2",
      "ts-jest": "^27.0.7",
      "typescript": "^4.5.2"
    }
  }

yarn manifest: 
  No manifest

Lockfile: 
  No lockfile
